job:81258 Description:background job wmy START: 11:36:58 END: 11:51:44 DURATION: 14 minutes Error: The job took longer than 10 minutes.
task:45135 Description:scheduled task 515 START: 11:37:14 END: 11:49:37 DURATION: 12 minutes Error: The task took longer than 10 minutes.
task:39547 Description:scheduled task 051 START: 11:37:53 END: 11:49:22 DURATION: 11 minutes Error: The task took longer than 10 minutes.
task:87228 Description:scheduled task 268 START: 11:44:25 END: 11:53:53 DURATION: 9 minutes Warning: The task took longer than 5 minutes.
task:70808 Description:scheduled task 182 START: 11:44:43 END: 12:18:26 DURATION: 33 minutes Error: The task took longer than 10 minutes.
task:71766 Description:scheduled task 074 START: 11:45:04 END: 11:50:51 DURATION: 5 minutes Warning: The task took longer than 5 minutes.
task:50295 Description:scheduled task 811 START: 11:48:45 END: 11:55:20 DURATION: 6 minutes Warning: The task took longer than 5 minutes.
task:27222 Description:scheduled task 294 START: 11:50:07 END: 11:56:15 DURATION: 6 minutes Warning: The task took longer than 5 minutes.
task:39860 Description:scheduled task 460 START: 11:53:17 END: 12:13:09 DURATION: 19 minutes Error: The task took longer than 10 minutes.
task:87570 Description:scheduled task 794 START: 11:53:57 END: 12:01:50 DURATION: 7 minutes Warning: The task took longer than 5 minutes.
task:85742 Description:scheduled task 064 START: 11:55:16 END: 12:07:33 DURATION: 12 minutes Error: The task took longer than 10 minutes.
task:22003 Description:scheduled task 004 START: 11:55:29 END: 12:06:42 DURATION: 11 minutes Error: The task took longer than 10 minutes.
job:99672 Description:background job sqm START: 11:57:08 END: 12:02:21 DURATION: 5 minutes Warning: The job took longer than 5 minutes.
job:86716 Description:background job xfg START: 11:59:29 END: 12:05:03 DURATION: 5 minutes Warning: The job took longer than 5 minutes.
job:52532 Description:background job tqc START: 12:00:03 END: 12:13:56 DURATION: 13 minutes Error: The job took longer than 10 minutes.
task:72029 Description:scheduled task 333 START: 12:03:20 END: still running DURATION: 15 minutes Error: The task took longer than 10 minutes.
task:98746 Description:scheduled task 746 START: 12:04:18 END: 12:11:35 DURATION: 7 minutes Warning: The task took longer than 5 minutes.
task:23703 Description:scheduled task 374 START: 12:04:57 END: 12:18:23 DURATION: 13 minutes Error: The task took longer than 10 minutes.
task:62401 Description:scheduled task 936 START: 12:05:59 END: 12:16:23 DURATION: 10 minutes Error: The task took longer than 10 minutes.
task:24482 Description:scheduled task 672 START: 12:10:38 END: 12:19:14 DURATION: 8 minutes Warning: The task took longer than 5 minutes.
task:72897 Description:scheduled task 016 START: 12:12:27 END: still running DURATION: 6 minutes Warning: The task took longer than 5 minutes.
